<?xml version="1.0" encoding="UTF-8"?>
<!-- Generated by org.testng.reporters.JUnitXMLReporter -->
<testsuite ignored="0" hostname="LAPTOP-LJIGLQGO" failures="1" tests="2" name="ListenerTest" time="6.423" errors="0" timestamp="2023-02-13T18:15:43 AST">
  <testcase classname="grouping.ListnersInterfaceExample" name="logoValidate" time="0.043"/>
  <testcase classname="grouping.ListnersInterfaceExample" name="titleValidation" time="0.013">
    <failure type="java.lang.AssertionError" message="Title is not correct expected [Obsqura] but found [Obsqura Testing]">
      <![CDATA[java.lang.AssertionError: Title is not correct expected [Obsqura] but found [Obsqura Testing]
at grouping.ListnersInterfaceExample.titleValidation(ListnersInterfaceExample.java:33)
at java.base/java.util.ArrayList.forEach(ArrayList.java:1511)
... Removed 32 stack frames]]>
    </failure>
  </testcase> <!-- titleValidation -->
</testsuite> <!-- ListenerTest -->
